SKIP_NO_OP_EVIDENCE crates/mega-evm/src/limit/data_size.rs te=False de=False
SKIP_NO_OP_EVIDENCE crates/mega-evm/src/limit/state_growth.rs te=False de=False
{
  "baseline": "245476834741de1e1a615d22e6287621b64f30cb",
  "cleanup": {
    "host_quiet_after": true,
    "reservation_absent": true,
    "target_root_absent": true,
    "worktree_absent": true
  },
  "differential_ir": 684871,
  "generation_id": "20260723T110503Z-full-575298717f44",
  "generation_manifest_sha256": "ea93ea369320544465065b276ba1015354b77a215767156fa6e86b26aeffd02c",
  "mode": "full-run",
  "pre_existing_unrelated_target_untracked_items": [
    "?? crates/mega-evm/examples/sweep_hotloop_v2.rs",
    "?? mega-evm-pop-only/",
    "?? mega-evm-push1-inspect/",
    "?? mega-evm-push1-only/",
    "?? mega-evm-run-a/",
    "?? mega-evm-run-ab/",
    "?? mega-evm-run-ac/"
  ],
  "proposed_editable": [
    "crates/mega-evm/src/evm/host.rs",
    "crates/mega-evm/src/evm/instructions.rs",
    "crates/mega-evm/src/external/gas.rs",
    "crates/mega-evm/src/limit/compute_gas.rs",
    "crates/mega-evm/src/limit/frame_limit.rs",
    "crates/mega-evm/src/limit/kv_update.rs",
    "crates/mega-evm/src/limit/limit.rs"
  ],
  "recorded_detached_worktree": "/nvme2/mega-engineer/workspace/lane1-owned-wggrhzm2/worktree",
  "schema_version": 2,
  "status": "passed",
  "timed_ir": 1060040
}
