   Compiling proc-macro2 v1.0.95
   Compiling unicode-ident v1.0.18
   Compiling quote v1.0.40
   Compiling syn v2.0.104
   Compiling serde_derive v1.0.228
   Compiling serde_core v1.0.228
   Compiling serde v1.0.228
   Compiling cfg-if v1.0.1
   Compiling libc v0.2.186
   Compiling autocfg v1.5.0
   Compiling num-traits v0.2.19
   Compiling zeroize_derive v1.4.2
   Compiling zeroize v1.8.1
   Compiling version_check v0.9.5
   Compiling typenum v1.20.0
   Compiling generic-array v0.14.7
   Compiling subtle v2.6.1
   Compiling getrandom v0.2.16
   Compiling const-oid v0.9.6
   Compiling rand_core v0.6.4
   Compiling num-integer v0.1.46
   Compiling crypto-common v0.1.6
   Compiling block-buffer v0.10.4
   Compiling digest v0.10.7
   Compiling num-bigint v0.3.3
   Compiling paste v1.0.15
   Compiling syn v1.0.109
   Compiling equivalent v1.0.2
   Compiling allocator-api2 v0.2.21
   Compiling foldhash v0.1.5
   Compiling hashbrown v0.15.4
   Compiling addchain v0.2.0
   Compiling ff_derive v0.13.1
   Compiling byteorder v1.5.0
   Compiling ff v0.13.1
   Compiling arrayvec v0.7.6
   Compiling group v0.13.0
   Compiling der v0.7.10
   Compiling unicode-segmentation v1.12.0
   Compiling base16ct v0.2.0
   Compiling serdect v0.2.0
   Compiling convert_case v0.7.1
   Compiling spki v0.7.3
   Compiling bytes v1.11.1
   Compiling unicode-xid v0.2.6
   Compiling ruint-macro v1.2.1
   Compiling itoa v1.0.15
   Compiling derive_more-impl v2.0.1
   Compiling pkcs8 v0.10.2
   Compiling sec1 v0.7.3
   Compiling indexmap v2.10.0
   Compiling crypto-bigint v0.5.5
   Compiling cpufeatures v0.2.17
   Compiling elliptic-curve v0.13.8
   Compiling hmac v0.12.1
   Compiling hybrid-array v0.4.12
   Compiling rfc6979 v0.4.0
   Compiling sha2 v0.10.9
   Compiling signature v2.2.0
   Compiling alloy-rlp-derive v0.3.12
   Compiling alloy-rlp v0.3.12
   Compiling ecdsa v0.16.9
   Compiling block-buffer v0.12.0
   Compiling crypto-common v0.2.2
   Compiling digest v0.11.3
   Compiling ruint v1.17.2
   Compiling keccak v0.2.0
   Compiling foldhash v0.2.0
   Compiling hashbrown v0.17.1
   Compiling sha3 v0.11.0
   Compiling k256 v0.13.4
   Compiling const-hex v1.14.1
   Compiling derive_more v2.0.1
   Compiling rustc-hash v2.1.1
   Compiling once_cell v1.21.3
   Compiling alloy-primitives v1.6.0
   Compiling either v1.15.0
   Compiling thiserror v2.0.12
   Compiling thiserror-impl v2.0.12
   Compiling auto_impl v1.3.0
   Compiling toml_datetime v0.6.11
   Compiling winnow v0.7.12
   Compiling toml_edit v0.22.27
   Compiling rustversion v1.0.21
   Compiling proc-macro-crate v3.3.0
   Compiling num_enum_derive v0.7.4
   Compiling pin-project-lite v0.2.16
   Compiling num_enum v0.7.4
   Compiling memchr v2.7.5
   Compiling alloy-eip7702 v0.6.3
   Compiling alloy-eip2930 v0.2.3
   Compiling radium v0.7.0
   Compiling zerocopy v0.8.26
   Compiling bitflags v2.11.1
   Compiling tap v1.0.1
   Compiling wyz v0.5.1
   Compiling alloy-eip7928 v0.3.7
   Compiling serde_json v1.0.141
   Compiling funty v2.0.0
   Compiling bitvec v1.0.1
   Compiling smallvec v1.15.1
   Compiling ryu v1.0.20
   Compiling ppv-lite86 v0.2.21
   Compiling synstructure v0.13.2
   Compiling heck v0.5.0
   Compiling shlex v2.0.1
   Compiling find-msvc-tools v0.1.9
   Compiling cc v1.2.66
   Compiling zerofrom-derive v0.1.6
   Compiling zerofrom v0.1.6
   Compiling num-bigint v0.4.6
   Compiling yoke-derive v0.8.1
   Compiling stable_deref_trait v1.2.1
   Compiling ident_case v1.0.1
   Compiling strsim v0.11.1
   Compiling fnv v1.0.7
   Compiling darling_core v0.21.3
   Compiling yoke v0.8.1
   Compiling rand_chacha v0.3.1
   Compiling crunchy v0.2.4
   Compiling rand v0.8.5
   Compiling darling_macro v0.21.3
   Compiling tracing-core v0.1.34
   Compiling enum-ordinalize-derive v4.3.1
   Compiling zerovec-derive v0.11.2
   Compiling tracing-attributes v0.1.30
   Compiling tiny-keccak v2.0.2
   Compiling crc-catalog v2.4.0
   Compiling crc v3.3.0
   Compiling tracing v0.1.41
   Compiling zerovec v0.11.5
   Compiling enum-ordinalize v4.3.0
   Compiling darling v0.21.3
   Compiling ark-std v0.5.0
   Compiling syn-solidity v1.4.1
   Compiling ahash v0.8.12
   Compiling ark-serialize-derive v0.5.0
   Compiling displaydoc v0.2.5
   Compiling macro-string v0.1.4
   Compiling proc-macro-error-attr2 v2.0.0
   Compiling dunce v1.0.5
   Compiling alloy-sol-macro-input v1.4.1
   Compiling proc-macro-error2 v2.0.1
   Compiling ark-serialize v0.5.0
   Compiling ark-ff-macros v0.5.0
   Compiling educe v0.6.0
   Compiling alloy-eip2124 v0.2.0
   Compiling itertools v0.13.0
   Compiling ark-ff-asm v0.5.0
   Compiling tokio-macros v2.6.0
   Compiling tokio v1.48.0
   Compiling ark-ff v0.5.0
   Compiling alloy-sol-macro-expander v1.4.1
   Compiling serde_with_macros v3.14.1
   Compiling futures-core v0.3.31
   Compiling serde_with v3.14.1
   Compiling ark-poly v0.5.0
   Compiling alloy-sol-macro v1.4.1
   Compiling tinystr v0.8.2
   Compiling alloy-serde v1.8.3
   Compiling nybbles v0.4.3
   Compiling writeable v0.6.2
   Compiling futures-sink v0.3.31
   Compiling hex v0.4.3
   Compiling litemap v0.8.1
   Compiling icu_locale_core v2.1.1
   Compiling alloy-trie v0.9.0
   Compiling alloy-eips v1.8.3
   Compiling alloy-sol-types v1.4.1
   Compiling ark-ec v0.5.0
   Compiling zerotrie v0.2.3
   Compiling alloy-tx-macros v1.1.2
   Compiling potential_utf v0.1.4
   Compiling num-rational v0.4.2
   Compiling num-iter v0.1.45
   Compiling revm-primitives v20.2.1
   Compiling num-complex v0.4.6
   Compiling icu_normalizer_data v2.1.1
   Compiling icu_properties_data v2.1.1
   Compiling num v0.4.3
   Compiling icu_collections v2.1.1
   Compiling alloy-consensus v1.1.0
   Compiling icu_provider v2.1.1
   Compiling primeorder v0.13.6
   Compiling getrandom v0.3.3
   Compiling p256 v0.13.2
   Compiling aurora-engine-modexp v1.2.0
   Compiling revm-bytecode v6.2.1
   Compiling ark-bn254 v0.5.0
   Compiling ark-bls12-381 v0.5.0
   Compiling futures-channel v0.3.31
   Compiling ripemd v0.1.3
   Compiling futures-macro v0.3.31
   Compiling derive-where v1.6.1
   Compiling futures-io v0.3.31
   Compiling pin-utils v0.1.0
   Compiling parking_lot_core v0.9.12
   Compiling futures-task v0.3.31
   Compiling slab v0.4.11
   Compiling arrayref v0.3.9
   Compiling futures-util v0.3.31
   Compiling revm-state v7.0.4
   Compiling icu_properties v2.1.1
   Compiling pairing v0.23.0
   Compiling icu_normalizer v2.1.1
   Compiling blst v0.3.16
   Compiling scopeguard v1.2.0
   Compiling lock_api v0.4.14
   Compiling http v1.3.1
   Compiling rand_core v0.9.3
   Compiling idna_adapter v1.2.1
   Compiling sp1_bls12_381 v0.8.0-sp1-5.0.0
   Compiling revm-database-interface v7.0.4
   Compiling alloy-consensus-any v1.1.0
   Compiling alloy-network-primitives v1.1.0
   Compiling secp256k1-sys v0.11.0
   Compiling strum_macros v0.27.2
   Compiling revm-primitives v23.0.0
   Compiling itertools v0.14.0
   Compiling num_cpus v1.17.0
   Compiling percent-encoding v2.3.2
   Compiling utf8_iter v1.0.4
   Compiling idna v1.1.0
   Compiling form_urlencoded v1.2.2
   Compiling kzg-rs v0.2.7
   Compiling threadpool v1.8.1
   Compiling alloy-rpc-types-eth v1.1.0
   Compiling revm-bytecode v10.0.0
   Compiling strum v0.27.2
   Compiling rand_chacha v0.9.0
   Compiling alloy-json-rpc v1.1.2
   Compiling futures-executor v0.3.31
   Compiling c-kzg v2.1.7
   Compiling tower-service v0.3.3
   Compiling futures-utils-wasm v0.1.0
   Compiling crossbeam-utils v0.8.21
   Compiling sync_wrapper v1.0.2
   Compiling tower-layer v0.3.3
   Compiling tower v0.5.2
   Compiling futures v0.3.31
   Compiling rand v0.9.4
   Compiling alloy-chains v0.2.6
   Compiling revm-state v11.0.1
   Compiling url v2.5.7
   Compiling parking_lot v0.12.5
   Compiling revm-context-interface v9.0.0
   Compiling tokio-util v0.7.17
   Compiling serde_arrays v0.2.0
   Compiling async-trait v0.1.89
   Compiling pin-project-internal v1.1.10
   Compiling spin v0.9.8
   Compiling base64 v0.22.1
   Compiling alloy-transport v1.1.2
   Compiling pin-project v1.1.10
   Compiling alloy-signer v1.1.2
   Compiling tokio-stream v0.1.17
   Compiling revm-database-interface v11.0.1
   Compiling secp256k1 v0.31.1
   Compiling alloy-rpc-types-any v1.1.0
   Compiling async-stream-impl v0.3.6
   Compiling hashbrown v0.14.5
   Compiling dashmap v6.1.0
   Compiling async-stream v0.3.6
   Compiling alloy-network v1.1.0
   Compiling revm-precompile v25.0.0
   Compiling alloy-rpc-client v1.1.2
   Compiling revm-interpreter v24.0.0
   Compiling revm-context v8.0.4
   Compiling lru v0.13.0
   Compiling alloy-provider v1.1.0
   Compiling revm-handler v8.1.0
   Compiling revm-context-interface v17.0.1
   Compiling revm-inspector v8.1.0
   Compiling revm-database v7.0.4
   Compiling getrandom v0.4.3
   Compiling semver v1.0.26
   Compiling cfg_aliases v0.2.1
   Compiling rand_core v0.10.1
   Compiling nix v0.31.3
   Compiling revm v27.1.0
   Compiling anyhow v1.0.103
   Compiling anstyle v1.0.11
   Compiling dyn-clone v1.0.19
   Compiling alloy-hardforks v0.2.13
   Compiling revm-context v16.0.1
   Compiling revm-interpreter v35.0.1
   Compiling revm-precompile v34.0.0
   Compiling codspeed v5.0.1
   Compiling approx v0.5.1
   Compiling half v2.6.0
   Compiling clap_lex v0.7.5
   Compiling regex-syntax v0.8.5
   Compiling ciborium-io v0.2.2
   Compiling plotters-backend v0.3.7
   Compiling plotters-svg v0.3.7
   Compiling ciborium-ll v0.2.2
   Compiling regex-automata v0.4.11
   Compiling clap_builder v4.5.48
   Compiling statrs v0.18.0
   Compiling revm-handler v18.1.0
   Compiling mega-system-contracts v1.6.1 (/nvme2/mega-engineer/workspace/rex6-lane1-calltrace-disposable-2818190-d08f11bfa502/crates/system-contracts)
   Compiling op-revm v8.1.0
   Compiling op-alloy-consensus v0.18.14
   Compiling itertools v0.10.5
   Compiling colored v3.1.1
   Compiling cast v0.3.0
   Compiling glob v0.3.2
   Compiling same-file v1.0.6
   Compiling walkdir v2.5.0
   Compiling criterion-plot v0.5.0
   Compiling alloy-evm v0.15.0
   Compiling revm-inspector v19.0.0
   Compiling clap v4.5.48
   Compiling regex v1.11.3
   Compiling ciborium v0.2.2
   Compiling plotters v0.3.7
   Compiling alloy-op-hardforks v0.2.13
   Compiling revm-database v13.0.1
   Compiling tinytemplate v1.2.1
   Compiling is-terminal v0.4.16
   Compiling codspeed-criterion-compat v5.0.1
   Compiling cpufeatures v0.3.0
   Compiling oorandom v11.1.5
   Compiling anes v0.1.6
   Compiling codspeed-criterion-compat-walltime v5.0.1
   Compiling chacha20 v0.10.1
   Compiling revm v38.0.0
   Compiling alloy-op-evm v0.15.0
   Compiling alloy-rpc-types-trace v1.0.24
   Compiling delegate v0.13.4
   Compiling op-alloy-flz v0.13.1
   Compiling colorchoice v1.0.4
   Compiling revm-inspectors v0.27.3
   Compiling mega-evm v1.6.1 (/nvme2/mega-engineer/workspace/rex6-lane1-calltrace-disposable-2818190-d08f11bfa502/crates/mega-evm)
   Compiling op-revm v20.0.0
   Compiling rand v0.10.2
    Finished `release` profile [optimized + debuginfo] target(s) in 4m 46s
