SKIP_NO_OP_EVIDENCE crates/mega-evm/src/limit/compute_gas.rs te=False de=False
SKIP_NO_OP_EVIDENCE crates/mega-evm/src/limit/kv_update.rs te=False de=False
{
  "baseline": "245476834741de1e1a615d22e6287621b64f30cb",
  "cleanup": {
    "host_quiet_after": true,
    "reservation_absent": true,
    "target_root_absent": true,
    "worktree_absent": true
  },
  "differential_ir": 5018962,
  "generation_id": "20260723T120124Z-full-d9f385108c1b",
  "generation_manifest_sha256": "e4398926b53b3eee691e72a04351ea64178fb82d6c20c624e3fb64d09d87394c",
  "mode": "full-run",
  "pre_existing_unrelated_target_untracked_items": [
    "?? crates/mega-evm/examples/sweep_hotloop_v2.rs",
    "?? mega-evm-pop-only/",
    "?? mega-evm-push1-inspect/",
    "?? mega-evm-push1-only/",
    "?? mega-evm-run-a/",
    "?? mega-evm-run-ab/",
    "?? mega-evm-run-ac/"
  ],
  "proposed_editable": [
    "crates/mega-evm/src/evm/execution.rs",
    "crates/mega-evm/src/evm/host.rs",
    "crates/mega-evm/src/external/gas.rs",
    "crates/mega-evm/src/limit/data_size.rs",
    "crates/mega-evm/src/limit/frame_limit.rs",
    "crates/mega-evm/src/limit/limit.rs",
    "crates/mega-evm/src/limit/state_growth.rs"
  ],
  "recorded_detached_worktree": "/nvme2/mega-engineer/workspace/lane1-owned-mwtqiit_/worktree",
  "schema_version": 2,
  "status": "passed",
  "timed_ir": 12945837
}
