Preparing worktree (detached HEAD 19419f4)
HEAD is now at 19419f4 fix(hasher): read bytes as little-endian in the deterministic hasher (#142)
    Updating crates.io index
warning: patch `ark-ed-on-bls12-381-bandersnatch v0.5.0 (https://github.com/megaeth-labs/algebra.git?rev=80ca69c37f79d5d00750edc1602af81b5f456695#80ca69c3)` was not used in the crate graph
  |
  = help: perhaps you meant one of the following:
          	/nvme2/mega-engineer/workspace/aro/.aro-worktrees/a6ee3a9b-backport-certify-20260721/curves/ed_on_bls12_381_bandersnatch
     Locking 9 packages to latest compatible versions
      Adding ark-bls12-381 v0.5.0 (/nvme2/mega-engineer/workspace/aro/.aro-worktrees/a6ee3a9b-backport-certify-20260721/curves/bls12_381)
      Adding ark-ec v0.5.0 (/nvme2/mega-engineer/workspace/aro/.aro-worktrees/a6ee3a9b-backport-certify-20260721/ec)
      Adding ark-ed-on-bls12-381-bandersnatch v0.5.0 (/nvme2/mega-engineer/workspace/aro/.aro-worktrees/a6ee3a9b-backport-certify-20260721/curves/ed_on_bls12_381_bandersnatch)
      Adding ark-ff v0.5.0 (/nvme2/mega-engineer/workspace/aro/.aro-worktrees/a6ee3a9b-backport-certify-20260721/ff)
      Adding ark-ff-asm v0.5.0 (/nvme2/mega-engineer/workspace/aro/.aro-worktrees/a6ee3a9b-backport-certify-20260721/ff-asm)
      Adding ark-ff-macros v0.5.0 (/nvme2/mega-engineer/workspace/aro/.aro-worktrees/a6ee3a9b-backport-certify-20260721/ff-macros)
      Adding ark-poly v0.5.0 (/nvme2/mega-engineer/workspace/aro/.aro-worktrees/a6ee3a9b-backport-certify-20260721/poly)
      Adding ark-serialize v0.5.0 (/nvme2/mega-engineer/workspace/aro/.aro-worktrees/a6ee3a9b-backport-certify-20260721/serialize)
      Adding ark-serialize-derive v0.5.0 (/nvme2/mega-engineer/workspace/aro/.aro-worktrees/a6ee3a9b-backport-certify-20260721/serialize-derive)
PATH_PATCH ark-ff /nvme2/mega-engineer/workspace/aro/.aro-worktrees/a6ee3a9b-backport-certify-20260721/ff/Cargo.toml
PATH_PATCH ark-ec /nvme2/mega-engineer/workspace/aro/.aro-worktrees/a6ee3a9b-backport-certify-20260721/ec/Cargo.toml
PATH_PATCH ark-serialize /nvme2/mega-engineer/workspace/aro/.aro-worktrees/a6ee3a9b-backport-certify-20260721/serialize/Cargo.toml
PATH_PATCH ark-poly /nvme2/mega-engineer/workspace/aro/.aro-worktrees/a6ee3a9b-backport-certify-20260721/poly/Cargo.toml
PATH_PATCH ark-ed-on-bls12-381-bandersnatch /nvme2/mega-engineer/workspace/aro/.aro-worktrees/a6ee3a9b-backport-certify-20260721/curves/ed_on_bls12_381_bandersnatch/Cargo.toml
warning: patch `ark-ed-on-bls12-381-bandersnatch v0.5.0 (https://github.com/megaeth-labs/algebra.git?rev=80ca69c37f79d5d00750edc1602af81b5f456695#80ca69c3)` was not used in the crate graph
  |
  = help: perhaps you meant one of the following:
          	/nvme2/mega-engineer/workspace/aro/.aro-worktrees/a6ee3a9b-backport-certify-20260721/curves/ed_on_bls12_381_bandersnatch
   Compiling ark-serialize-derive v0.5.0 (/nvme2/mega-engineer/workspace/aro/.aro-worktrees/a6ee3a9b-backport-certify-20260721/serialize-derive)
   Compiling ark-ff-asm v0.5.0 (/nvme2/mega-engineer/workspace/aro/.aro-worktrees/a6ee3a9b-backport-certify-20260721/ff-asm)
   Compiling ark-ff-macros v0.5.0 (/nvme2/mega-engineer/workspace/aro/.aro-worktrees/a6ee3a9b-backport-certify-20260721/ff-macros)
    Checking salt-macros v0.1.0 (/nvme2/mega-engineer/workspace/aro-worktrees/algebra-salt-conformance-1899186/salt-macros)
    Checking ark-serialize v0.5.0 (/nvme2/mega-engineer/workspace/aro/.aro-worktrees/a6ee3a9b-backport-certify-20260721/serialize)
    Checking ark-ff v0.5.0 (/nvme2/mega-engineer/workspace/aro/.aro-worktrees/a6ee3a9b-backport-certify-20260721/ff)
warning: unnecessary `unsafe` block
  --> /nvme2/mega-engineer/workspace/aro/.aro-worktrees/a6ee3a9b-backport-certify-20260721/ff/src/biginteger/arithmetic.rs:26:5
   |
26 |     unsafe {
   |     ^^^^^^ unnecessary `unsafe` block
   |
note: the lint level is defined here
  --> /nvme2/mega-engineer/workspace/aro/.aro-worktrees/a6ee3a9b-backport-certify-20260721/ff/src/lib.rs:5:5
   |
 5 |     unused,
   |     ^^^^^^
   = note: `#[warn(unused_unsafe)]` implied by `#[warn(unused)]`

warning: unnecessary `unsafe` block
  --> /nvme2/mega-engineer/workspace/aro/.aro-worktrees/a6ee3a9b-backport-certify-20260721/ff/src/biginteger/arithmetic.rs:69:5
   |
69 |     unsafe {
   |     ^^^^^^ unnecessary `unsafe` block

warning: unnecessary `unsafe` block
   --> /nvme2/mega-engineer/workspace/aro/.aro-worktrees/a6ee3a9b-backport-certify-20260721/ff/src/biginteger/mod.rs:328:17
    |
328 |                 unsafe {
    |                 ^^^^^^ unnecessary `unsafe` block

warning: `ark-ff` (lib) generated 3 warnings
    Checking ark-poly v0.5.0 (/nvme2/mega-engineer/workspace/aro/.aro-worktrees/a6ee3a9b-backport-certify-20260721/poly)
warning: unnecessary parentheses around closure body
   --> /nvme2/mega-engineer/workspace/aro/.aro-worktrees/a6ee3a9b-backport-certify-20260721/poly/src/polynomial/univariate/sparse.rs:316:39
    |
316 |                 .filter(|&(_, coeff)| (!coeff.is_zero()))
    |                                       ^                ^
    |
    = note: `#[warn(unused_parens)]` (part of `#[warn(unused)]`) on by default
help: remove these parentheses
    |
316 -                 .filter(|&(_, coeff)| (!coeff.is_zero()))
316 +                 .filter(|&(_, coeff)| !coeff.is_zero())
    |

warning: `ark-poly` (lib) generated 1 warning (run `cargo fix --lib -p ark-poly` to apply 1 suggestion)
    Checking ark-ec v0.5.0 (/nvme2/mega-engineer/workspace/aro/.aro-worktrees/a6ee3a9b-backport-certify-20260721/ec)
    Checking ark-bls12-381 v0.5.0 (/nvme2/mega-engineer/workspace/aro/.aro-worktrees/a6ee3a9b-backport-certify-20260721/curves/bls12_381)
    Checking ark-ed-on-bls12-381-bandersnatch v0.5.0 (/nvme2/mega-engineer/workspace/aro/.aro-worktrees/a6ee3a9b-backport-certify-20260721/curves/ed_on_bls12_381_bandersnatch)
    Checking banderwagon v0.1.0 (/nvme2/mega-engineer/workspace/aro-worktrees/algebra-salt-conformance-1899186/banderwagon)
    Checking ipa-multipoint v0.1.0 (/nvme2/mega-engineer/workspace/aro-worktrees/algebra-salt-conformance-1899186/ipa-multipoint)
    Checking salt v1.0.5 (/nvme2/mega-engineer/workspace/aro-worktrees/algebra-salt-conformance-1899186/salt)
    Finished `dev` profile [unoptimized + debuginfo] target(s) in 7.96s
warning: patch `ark-ed-on-bls12-381-bandersnatch v0.5.0 (https://github.com/megaeth-labs/algebra.git?rev=80ca69c37f79d5d00750edc1602af81b5f456695#80ca69c3)` was not used in the crate graph
  |
  = help: perhaps you meant one of the following:
          	/nvme2/mega-engineer/workspace/aro/.aro-worktrees/a6ee3a9b-backport-certify-20260721/curves/ed_on_bls12_381_bandersnatch
   Compiling clap_builder v4.5.40
   Compiling getrandom v0.3.4
   Compiling itertools v0.13.0
   Compiling constant_time_eq v0.3.1
   Compiling arrayref v0.3.9
   Compiling unty v0.0.4
   Compiling spin v0.10.0
   Compiling blake3 v1.8.2
   Compiling zeroize v1.8.1
   Compiling serde v1.0.228
   Compiling thiserror v2.0.12
   Compiling derive_more v2.0.1
   Compiling salt-macros v0.1.0 (/nvme2/mega-engineer/workspace/aro-worktrees/algebra-salt-conformance-1899186/salt-macros)
   Compiling ark-serialize v0.5.0 (/nvme2/mega-engineer/workspace/aro/.aro-worktrees/a6ee3a9b-backport-certify-20260721/serialize)
   Compiling rand_core v0.9.3
   Compiling rand_chacha v0.9.0
   Compiling ark-ff v0.5.0 (/nvme2/mega-engineer/workspace/aro/.aro-worktrees/a6ee3a9b-backport-certify-20260721/ff)
   Compiling rand v0.9.2
   Compiling serde_json v1.0.140
   Compiling ciborium v0.2.2
   Compiling serde_arrays v0.2.0
   Compiling bincode v2.0.1
   Compiling criterion-plot v0.6.0
   Compiling tinytemplate v1.2.1
   Compiling clap v4.5.40
warning: unnecessary `unsafe` block
  --> /nvme2/mega-engineer/workspace/aro/.aro-worktrees/a6ee3a9b-backport-certify-20260721/ff/src/biginteger/arithmetic.rs:26:5
   |
26 |     unsafe {
   |     ^^^^^^ unnecessary `unsafe` block
   |
note: the lint level is defined here
  --> /nvme2/mega-engineer/workspace/aro/.aro-worktrees/a6ee3a9b-backport-certify-20260721/ff/src/lib.rs:5:5
   |
 5 |     unused,
   |     ^^^^^^
   = note: `#[warn(unused_unsafe)]` implied by `#[warn(unused)]`

warning: unnecessary `unsafe` block
  --> /nvme2/mega-engineer/workspace/aro/.aro-worktrees/a6ee3a9b-backport-certify-20260721/ff/src/biginteger/arithmetic.rs:69:5
   |
69 |     unsafe {
   |     ^^^^^^ unnecessary `unsafe` block

   Compiling criterion v0.7.0
   Compiling criterion v0.5.1
warning: unnecessary `unsafe` block
   --> /nvme2/mega-engineer/workspace/aro/.aro-worktrees/a6ee3a9b-backport-certify-20260721/ff/src/biginteger/mod.rs:328:17
    |
328 |                 unsafe {
    |                 ^^^^^^ unnecessary `unsafe` block

   Compiling ark-poly v0.5.0 (/nvme2/mega-engineer/workspace/aro/.aro-worktrees/a6ee3a9b-backport-certify-20260721/poly)
warning: unnecessary parentheses around closure body
   --> /nvme2/mega-engineer/workspace/aro/.aro-worktrees/a6ee3a9b-backport-certify-20260721/poly/src/polynomial/univariate/sparse.rs:316:39
    |
316 |                 .filter(|&(_, coeff)| (!coeff.is_zero()))
    |                                       ^                ^
    |
    = note: `#[warn(unused_parens)]` (part of `#[warn(unused)]`) on by default
help: remove these parentheses
    |
316 -                 .filter(|&(_, coeff)| (!coeff.is_zero()))
316 +                 .filter(|&(_, coeff)| !coeff.is_zero())
    |

warning: `ark-ff` (lib) generated 3 warnings
   Compiling ark-ec v0.5.0 (/nvme2/mega-engineer/workspace/aro/.aro-worktrees/a6ee3a9b-backport-certify-20260721/ec)
warning: `ark-poly` (lib) generated 1 warning (run `cargo fix --lib -p ark-poly` to apply 1 suggestion)
   Compiling ark-bls12-381 v0.5.0 (/nvme2/mega-engineer/workspace/aro/.aro-worktrees/a6ee3a9b-backport-certify-20260721/curves/bls12_381)
   Compiling ark-ed-on-bls12-381-bandersnatch v0.5.0 (/nvme2/mega-engineer/workspace/aro/.aro-worktrees/a6ee3a9b-backport-certify-20260721/curves/ed_on_bls12_381_bandersnatch)
   Compiling banderwagon v0.1.0 (/nvme2/mega-engineer/workspace/aro-worktrees/algebra-salt-conformance-1899186/banderwagon)
   Compiling ipa-multipoint v0.1.0 (/nvme2/mega-engineer/workspace/aro-worktrees/algebra-salt-conformance-1899186/ipa-multipoint)
   Compiling salt v1.0.5 (/nvme2/mega-engineer/workspace/aro-worktrees/algebra-salt-conformance-1899186/salt)
    Finished `test` profile [optimized + debuginfo] target(s) in 29.61s
     Running unittests src/lib.rs (/nvme2/mega-engineer/workspace/aro-targets/algebra-salt-conformance/debug/deps/banderwagon-e90e5380807b051e)

running 14 tests
test element::tests::consistent_group_to_field ... ok
test element::tests::check_infinity_does_not_pass_legendre ... ok
test element::tests::from_bytes_unchecked_uncompressed_roundtrip ... ok
test element::tests::ser_der_roundtrip ... ok
test element::tests::fixed_test_vectors ... ok
test element::tests::test_eq_failsafe ... ok
test element::tests::test_zero_commitment ... ok
test element::tests::two_torsion_correct ... ok
test element::tests::test_hash_commitments ... ok
test element::tests::test_batch_to_commitments ... ok
test salt_committer::tests::neg_one_scalar_mult ... ok
test salt_committer::tests::mul_index ... ok
test msm::tests::correctness_smoke_test ... ok
test salt_committer::tests::test_window_size_variations_with_random_scalars ... ok

test result: ok. 14 passed; 0 failed; 0 ignored; 0 measured; 0 filtered out; finished in 1.25s

     Running unittests src/lib.rs (/nvme2/mega-engineer/workspace/aro-targets/algebra-salt-conformance/debug/deps/ipa_multipoint-e3fcf2c0bf37763e)

running 18 tests
test lagrange_basis::tests::basic_interpolation ... ok
test lagrange_basis::tests::simple_division ... ok
test math_utils::tests::simple_vandemonde ... ok
test transcript::tests::test_vector_0 ... ok
test transcript::tests::test_vector_1 ... ok
test transcript::tests::test_vector_3 ... ok
test transcript::tests::test_vector_2 ... ok
test transcript::tests::test_vector_4 ... ok
test lagrange_basis::tests::simple_eval_outside_domain ... ok
test ipa::tests::test_create_IPAProof_proof ... ok
test multiproof::tests::open_multiproof_lagrange ... ok
test multiproof::tests::open_multiproof_lagrange_2_polys ... ok
test multiproof::tests::record_query_transcript_consistency ... ok
test crs::tests::crs_consistency ... ok
test default_crs::tests::load_from_hex ... ok
test crs::tests::load_from_bytes_to_bytes ... ok
test multiproof::tests::test_ipa_consistency ... ok
test multiproof::tests::multiproof_consistency ... ok

test result: ok. 18 passed; 0 failed; 0 ignored; 0 measured; 0 filtered out; finished in 0.06s

     Running unittests src/main.rs (/nvme2/mega-engineer/workspace/aro-targets/algebra-salt-conformance/debug/deps/ipa_multipoint-8997075fa5abb10d)

running 0 tests

test result: ok. 0 passed; 0 failed; 0 ignored; 0 measured; 0 filtered out; finished in 0.00s

     Running unittests src/lib.rs (/nvme2/mega-engineer/workspace/aro-targets/algebra-salt-conformance/debug/deps/salt-820a8530ce73ac9b)

running 197 tests
test constant::tests::test_consensus_constants_are_pinned ... ok
test empty_salt::tests::test_plain_value_fast_returns_unsupported_operation ... ok
test constant::tests::test_default_commitment_boundary_selection ... ok
test empty_salt::tests::test_metadata_and_used_slots_are_default_for_data_bucket ... ok
test empty_salt::tests::test_state_reader ... ok
test fuzz::tests::replay_test_failure ... ignored
test fuzz::tests::test_e2e_random_stress ... ignored
test empty_salt::tests::test_trie_reader ... ok
test mem_store::tests::test_delete_absent_value_does_not_create_bucket_usage_delta ... ok
test mem_store::tests::test_lazy_metadata_initialization ... ok
test mem_store::tests::test_clone_is_snapshot_not_shared ... ok
test mem_store::tests::test_meta_vs_data_bucket_behavior ... ok
test mem_store::tests::test_metadata_storage_and_retrieval ... ok
test mem_store::tests::test_state_updates_atomicity ... ok
test mem_store::tests::test_trie_operations ... ok
test mem_store::tests::test_update_trie_last_write_wins ... ok
test mem_store::tests::test_used_slots_cache_consistency ... ok
test proof::prover::tests::fx_hashmap_serde_tests::rejects_duplicate_bucket_id ... ok
test proof::prover::tests::fx_hashmap_serde_tests::round_trip_empty ... ok
test proof::prover::tests::fx_hashmap_serde_tests::round_trip_preserves_entries ... ok
test proof::prover::tests::fx_hashmap_serde_tests::serialization_is_order_independent ... ok
test proof::prover::tests::test_children_commitments_to_scalars_missing ... ok
test proof::prover::tests::test_children_commitments_to_scalars ... ok
test proof::prover::tests::test_get_commitment_safe_success ... ok
test proof::prover::tests::test_serde_commitment_rejects_invalid_compressed_point ... ok
test proof::prover::tests::test_slot_to_field_none_is_empty_slot_hash ... ok
test proof::shape::tests::test_connect_parent_id ... ok
test proof::shape::tests::test_encode_parent ... ok
test proof::shape::tests::test_encoded_parent_round_trip_boundaries ... ok
test proof::shape::tests::test_is_encoded_node ... ok
test proof::shape::tests::test_logic_parent_id ... ok
test proof::prover::tests::test_create_leaf_node_queries_subtree_leaf_start ... ok
test proof::prover::tests::test_create_internal_node_queries ... ok
test proof::shape::tests::test_parents_and_points ... ok
test proof::prover::tests::test_create_leaf_node_queries ... ok
test proof::prover::tests::test_create_leaf_node_queries_missing_data ... ok
test proof::shape::tests::test_parents_and_points_deduplicates_duplicate_keys ... ok
test proof::shape::tests::test_parents_and_points_exact_for_expanded_bucket_bridge ... ok
test proof::subtrie::tests::multi_commitments_to_scalars_empty_and_single_node ... ok
test proof::subtrie::tests::multi_commitments_to_scalars_root_defaults_are_pinned ... ok
test proof::subtrie::tests::process_leaf_node_uses_empty_default_for_data_bucket ... ok
test proof::subtrie::tests::process_leaf_node_uses_metadata_default_for_meta_bucket ... ok
test proof::salt_witness::tests::test_witness_trie_reader_security ... ok
test proof::salt_witness::tests::test_get_subtree_levels_missing_bucket_errors ... ok
test proof::salt_witness::tests::test_witness_state_reader_security ... ok
test proof::prover::tests::salt_proof_in_bucket_expansion has been running for over 60 seconds
test proof::prover::tests::salt_proof_in_bucket_expansion_2 has been running for over 60 seconds
test proof::prover::tests::test_basic_proof_exist has been running for over 60 seconds
test proof::prover::tests::test_check_rejects_extra_parent_commitment has been running for over 60 seconds
test proof::prover::tests::test_check_rejects_missing_bucket_level has been running for over 60 seconds
test proof::prover::tests::test_check_rejects_tampered_root_commitment has been running for over 60 seconds
test proof::prover::tests::test_create_sorts_and_deduplicates_keys has been running for over 60 seconds
test proof::prover::tests::test_create_verifier_queries_commitment_mismatch has been running for over 60 seconds
test proof::prover::tests::test_create_verifier_queries_empty has been running for over 60 seconds
test proof::prover::tests::test_empty_input has been running for over 60 seconds
test proof::prover::tests::test_empty_trie_proof has been running for over 60 seconds
test proof::prover::tests::test_multi_insert_proof has been running for over 60 seconds
test proof::prover::tests::test_proof_in_auto_bucket_expansion has been running for over 60 seconds
test proof::prover::tests::test_single_insert_commmitment has been running for over 60 seconds
test proof::salt_witness::tests::get_mini_trie has been running for over 60 seconds
test proof::salt_witness::tests::test_bucket_used_slots has been running for over 60 seconds
test proof::salt_witness::tests::test_bucket_used_slots_meta_bucket_returns_zero_without_metadata has been running for over 60 seconds
test proof::salt_witness::tests::test_default_bucket_meta_proof has been running for over 60 seconds
test proof::salt_witness::tests::test_error has been running for over 60 seconds
test proof::salt_witness::tests::test_metadata_none_entry_panics has been running for over 60 seconds
test proof::salt_witness::tests::test_salt_witness_metadata_cases has been running for over 60 seconds
test proof::salt_witness::tests::test_state_reader_for_witness has been running for over 60 seconds
test proof::salt_witness::tests::test_state_root_missing_root_commitment_errors has been running for over 60 seconds
test proof::salt_witness::tests::test_verify_proof_rejects_tampered_kv_value has been running for over 60 seconds
test proof::subtrie::tests::create_sub_trie_generates_valid_proofs has been running for over 60 seconds
test proof::subtrie::tests::create_sub_trie_scenarios has been running for over 60 seconds
test proof::subtrie::tests::lagrange_polynomial_proof_verification has been running for over 60 seconds
test proof::subtrie::tests::process_leaf_node_with_real_commitment has been running for over 60 seconds
test proof::subtrie::tests::validate_salt_keys has been running for over 60 seconds
test proof::witness::tests::test_existing_keys_witness_excludes_bucket_metadata has been running for over 60 seconds
test proof::witness::tests::test_plain_value_fast_unknown_key_is_not_in_witness has been running for over 60 seconds
test proof::witness::tests::test_verify_rejects_tampered_direct_lookup_slot has been running for over 60 seconds
Terminated
