{"argv": ["cargo", "test", "--locked", "-p", "salt", "--features", "test-bucket-resize", "test_e2e_random_stress", "--", "--ignored", "--nocapture"], "cwd": "/nvme2/mega-engineer/workspace/salt-pr148-experiment", "explicit_env": {"BUCKET_RESIZE_LOAD_FACTOR_PCT": "80", "CARGO_TARGET_DIR": "/nvme2/mega-engineer/workspace/aro-salt-livelock-verify/.aro-runs/salt-pr148-verify/pr", "NUM_DATA_BUCKETS": "2", "RANDOM_BLOCKS": "3", "RANDOM_ITERATIONS": "100", "RANDOM_KV_POOL_SIZE": "4096", "RANDOM_LOOKUPS": "50", "RANDOM_MINI_BLOCKS": "10", "RANDOM_OPS": "100"}, "identity_sha256": "52e52d87a0e4316f1aaabe1581520637245c607cd616236e1e14e86d31c55f3e", "safe_env_fingerprint": "3a3f43618fed77df126a61d22970a73d5f3e50dbbcb3b7b21179234b604a86fa", "start_utc": "2026-07-23T03:07:44.641873Z", "stripped_env_names": [], "timeout_seconds": 300.0, "trial_key": "salt-pr148-livelock-verify-20260723-v2/conformance/pr/random-stress/01"}
   Compiling salt v1.0.5 (/nvme2/mega-engineer/workspace/salt-pr148-experiment/salt)
    Finished `test` profile [optimized + debuginfo] target(s) in 16.43s
     Running unittests src/lib.rs (/nvme2/mega-engineer/workspace/aro-salt-livelock-verify/.aro-runs/salt-pr148-verify/pr/debug/deps/salt-5218bfd418a58473)

running 1 test

Starting deterministic random loop test:
  100 iterations x 3 blocks x 10 mini-blocks x 100 ops
  Total operations: 300000

Iteration 1/100...
Iteration 2/100...
Iteration 3/100...
Iteration 4/100...
Iteration 5/100...
Iteration 6/100...
Iteration 7/100...
Iteration 8/100...
Iteration 9/100...
Iteration 10/100...
Iteration 11/100...
Iteration 12/100...
Iteration 13/100...
Iteration 14/100...
Iteration 15/100...
Iteration 16/100...
Iteration 17/100...
Iteration 18/100...
Iteration 19/100...
Iteration 20/100...
Iteration 21/100...
Iteration 22/100...
Iteration 23/100...
Iteration 24/100...
Iteration 25/100...
Iteration 26/100...
Iteration 27/100...
Iteration 28/100...
Iteration 29/100...
Iteration 30/100...
Iteration 31/100...
Iteration 32/100...
Iteration 33/100...
Iteration 34/100...
Iteration 35/100...
Iteration 36/100...
Iteration 37/100...
Iteration 38/100...
Iteration 39/100...
Iteration 40/100...
Iteration 41/100...
Iteration 42/100...
Iteration 43/100...
Iteration 44/100...
Iteration 45/100...
Iteration 46/100...
Iteration 47/100...
Iteration 48/100...
Iteration 49/100...
Iteration 50/100...
Iteration 51/100...
Iteration 52/100...
Iteration 53/100...
Iteration 54/100...
Iteration 55/100...
Iteration 56/100...
Iteration 57/100...
Iteration 58/100...
Iteration 59/100...
Iteration 60/100...
Iteration 61/100...
Iteration 62/100...
Iteration 63/100...
Iteration 64/100...
Iteration 65/100...
Iteration 66/100...
Iteration 67/100...
Iteration 68/100...
Iteration 69/100...
Iteration 70/100...
Iteration 71/100...
Iteration 72/100...
Iteration 73/100...
Iteration 74/100...
Iteration 75/100...
Iteration 76/100...
Iteration 77/100...
Iteration 78/100...
Iteration 79/100...
Iteration 80/100...
Iteration 81/100...
Iteration 82/100...
Iteration 83/100...
Iteration 84/100...
Iteration 85/100...
Iteration 86/100...
Iteration 87/100...
Iteration 88/100...
Iteration 89/100...
Iteration 90/100...
Iteration 91/100...
Iteration 92/100...
Iteration 93/100...
Iteration 94/100...
Iteration 95/100...
Iteration 96/100...
Iteration 97/100...
Iteration 98/100...
Iteration 99/100...
Iteration 100/100...

All 100 tests passed!
test fuzz::tests::test_e2e_random_stress ... ok

test result: ok. 1 passed; 0 failed; 0 ignored; 0 measured; 197 filtered out; finished in 28.12s

     Running tests/deterministic_e2e.rs (/nvme2/mega-engineer/workspace/aro-salt-livelock-verify/.aro-runs/salt-pr148-verify/pr/debug/deps/deterministic_e2e-ff10406b56f2e708)

running 0 tests

test result: ok. 0 passed; 0 failed; 0 ignored; 0 measured; 2 filtered out; finished in 0.00s

     Running tests/proof_fixture_codec.rs (/nvme2/mega-engineer/workspace/aro-salt-livelock-verify/.aro-runs/salt-pr148-verify/pr/debug/deps/proof_fixture_codec-574a3b837fdd26e7)

running 0 tests

test result: ok. 0 passed; 0 failed; 0 ignored; 0 measured; 2 filtered out; finished in 0.00s

     Running tests/shared_committer_init.rs (/nvme2/mega-engineer/workspace/aro-salt-livelock-verify/.aro-runs/salt-pr148-verify/pr/debug/deps/shared_committer_init-d87775e90eb1268f)

running 0 tests

test result: ok. 0 passed; 0 failed; 0 ignored; 0 measured; 1 filtered out; finished in 0.00s

     Running tests/shared_committer_init_os_winner.rs (/nvme2/mega-engineer/workspace/aro-salt-livelock-verify/.aro-runs/salt-pr148-verify/pr/debug/deps/shared_committer_init_os_winner-7c04e87b35b67ee9)

running 0 tests

test result: ok. 0 passed; 0 failed; 0 ignored; 0 measured; 1 filtered out; finished in 0.00s

