{"argv": ["/nvme2/mega-engineer/workspace/aro-salt-livelock-verify/.aro-runs/salt-pr148-verify/control/debug/deps/salt-2aa67cda664f90b4", "--list"], "cwd": "/nvme2/mega-engineer/workspace/salt-pr148-control", "explicit_env": {"CARGO_TARGET_DIR": "/nvme2/mega-engineer/workspace/aro-salt-livelock-verify/.aro-runs/salt-pr148-verify/control"}, "identity_sha256": "a2f9b22fe97a4397517a231889d34fef9e39c8ee57a9e75e5c8d964e0740e7b1", "safe_env_fingerprint": "d206a193f4a5852b0ecf1926860bd2079719fe7966b5240b097f2067c1439bef", "start_utc": "2026-07-23T03:11:03.554803Z", "stripped_env_names": [], "timeout_seconds": 300.0, "trial_key": "salt-pr148-livelock-verify-20260723-v2/init-discovery/control/list/01"}
constant::tests::test_consensus_constants_are_pinned: test
constant::tests::test_default_commitment_boundary_selection: test
empty_salt::tests::test_metadata_and_used_slots_are_default_for_data_bucket: test
empty_salt::tests::test_plain_value_fast_returns_unsupported_operation: test
empty_salt::tests::test_state_reader: test
empty_salt::tests::test_trie_reader: test
fuzz::tests::replay_test_failure: test
fuzz::tests::test_e2e_random_stress: test
mem_store::tests::test_clone_is_snapshot_not_shared: test
mem_store::tests::test_delete_absent_value_does_not_create_bucket_usage_delta: test
mem_store::tests::test_lazy_metadata_initialization: test
mem_store::tests::test_meta_vs_data_bucket_behavior: test
mem_store::tests::test_metadata_storage_and_retrieval: test
mem_store::tests::test_state_updates_atomicity: test
mem_store::tests::test_trie_operations: test
mem_store::tests::test_update_trie_last_write_wins: test
mem_store::tests::test_used_slots_cache_consistency: test
proof::prover::tests::fx_hashmap_serde_tests::rejects_duplicate_bucket_id: test
proof::prover::tests::fx_hashmap_serde_tests::round_trip_empty: test
proof::prover::tests::fx_hashmap_serde_tests::round_trip_preserves_entries: test
proof::prover::tests::fx_hashmap_serde_tests::serialization_is_order_independent: test
proof::prover::tests::salt_proof_in_bucket_expansion: test
proof::prover::tests::salt_proof_in_bucket_expansion_2: test
proof::prover::tests::test_basic_proof_exist: test
proof::prover::tests::test_check_rejects_extra_parent_commitment: test
proof::prover::tests::test_check_rejects_missing_bucket_level: test
proof::prover::tests::test_check_rejects_tampered_root_commitment: test
proof::prover::tests::test_children_commitments_to_scalars: test
proof::prover::tests::test_children_commitments_to_scalars_missing: test
proof::prover::tests::test_create_internal_node_queries: test
proof::prover::tests::test_create_leaf_node_queries: test
proof::prover::tests::test_create_leaf_node_queries_missing_data: test
proof::prover::tests::test_create_leaf_node_queries_subtree_leaf_start: test
proof::prover::tests::test_create_sorts_and_deduplicates_keys: test
proof::prover::tests::test_create_verifier_queries_commitment_mismatch: test
proof::prover::tests::test_create_verifier_queries_empty: test
proof::prover::tests::test_empty_input: test
proof::prover::tests::test_empty_trie_proof: test
proof::prover::tests::test_get_commitment_safe_success: test
proof::prover::tests::test_multi_insert_proof: test
proof::prover::tests::test_proof_in_auto_bucket_expansion: test
proof::prover::tests::test_serde_commitment_rejects_invalid_compressed_point: test
proof::prover::tests::test_single_insert_commmitment: test
proof::prover::tests::test_slot_to_field_none_is_empty_slot_hash: test
proof::salt_witness::tests::get_mini_trie: test
proof::salt_witness::tests::test_bucket_used_slots: test
proof::salt_witness::tests::test_bucket_used_slots_meta_bucket_returns_zero_without_metadata: test
proof::salt_witness::tests::test_default_bucket_meta_proof: test
proof::salt_witness::tests::test_error: test
proof::salt_witness::tests::test_get_subtree_levels_missing_bucket_errors: test
proof::salt_witness::tests::test_metadata_none_entry_panics: test
proof::salt_witness::tests::test_salt_witness_metadata_cases: test
proof::salt_witness::tests::test_state_reader_for_witness: test
proof::salt_witness::tests::test_state_root_missing_root_commitment_errors: test
proof::salt_witness::tests::test_verify_proof_rejects_tampered_kv_value: test
proof::salt_witness::tests::test_witness_state_reader_security: test
proof::salt_witness::tests::test_witness_trie_reader_security: test
proof::shape::tests::test_connect_parent_id: test
proof::shape::tests::test_encode_parent: test
proof::shape::tests::test_encoded_parent_round_trip_boundaries: test
proof::shape::tests::test_is_encoded_node: test
proof::shape::tests::test_logic_parent_id: test
proof::shape::tests::test_parents_and_points: test
proof::shape::tests::test_parents_and_points_deduplicates_duplicate_keys: test
proof::shape::tests::test_parents_and_points_exact_for_expanded_bucket_bridge: test
proof::subtrie::tests::create_sub_trie_generates_valid_proofs: test
proof::subtrie::tests::create_sub_trie_scenarios: test
proof::subtrie::tests::lagrange_polynomial_proof_verification: test
proof::subtrie::tests::multi_commitments_to_scalars_empty_and_single_node: test
proof::subtrie::tests::multi_commitments_to_scalars_root_defaults_are_pinned: test
proof::subtrie::tests::process_leaf_node_uses_empty_default_for_data_bucket: test
proof::subtrie::tests::process_leaf_node_uses_metadata_default_for_meta_bucket: test
proof::subtrie::tests::process_leaf_node_with_real_commitment: test
proof::subtrie::tests::validate_salt_keys: test
proof::witness::tests::test_existing_keys_witness_excludes_bucket_metadata: test
proof::witness::tests::test_plain_value_fast_unknown_key_is_not_in_witness: test
proof::witness::tests::test_verify_rejects_tampered_direct_lookup_slot: test
proof::witness::tests::test_witness_bucket_used_slots: test
proof::witness::tests::test_witness_create_bucket_ids: test
proof::witness::tests::test_witness_create_should_not_canonicalize: test
proof::witness::tests::test_witness_exist_or_not_exist: test
proof::witness::tests::test_witness_from_salt_witness_excludes_metadata_direct_lookup: test
proof::witness::tests::test_witness_get_subtree_levels: test
proof::witness::tests::test_witness_in_loop_slot_id: test
proof::witness::tests::test_witness_serde: test
proof::witness::tests::test_witness_state_reader_trait: test
proof::witness::tests::test_witness_state_root_update: test
state::ahash::fallback::tests::read_small_length_classes: test
state::hasher::tests::test_bucket_id_known_values_are_pinned: test
state::hasher::tests::test_bucket_id_range: test
state::hasher::tests::test_edge_cases: test
state::hasher::tests::test_hash_length_class_boundaries_are_pinned: test
state::hasher::tests::test_hash_stability: test
state::hasher::tests::test_hash_with_nonce: test
state::hasher::tests::test_hash_with_nonce_stack_heap_boundary_is_pinned: test
state::hasher::tests::test_same_bucket_keys: test
state::state::tests::probe_and_rank_inverse_relationship: test
state::state::tests::probe_and_rank_wraparound: test
state::state::tests::test_canonicalize_bucket_usage_count: test
state::state::tests::test_canonicalize_no_shrink: test
state::state::tests::test_canonicalize_random_kvs: test
state::state::tests::test_canonicalize_shrink_capacity: test
state::state::tests::test_compute_resize_capacity: test
state::state::tests::test_compute_resize_capacity_exact_thresholds: test
state::state::tests::test_deleted_cache_marker_blocks_store_resurrection: test
state::state::tests::test_direct_find_ignores_mismatched_fast_lookup_key: test
state::state::tests::test_history_independence_with_mixed_operations: test
state::state::tests::test_insertion_order_independence_small_bucket: test
state::state::tests::test_insertion_order_independence_with_resize: test
state::state::tests::test_metadata: test
state::state::tests::test_plain_state_provider_plain_value: test
state::state::tests::test_plain_state_provider_plain_value_and_slot: test
state::state::tests::test_plain_value: test
state::state::tests::test_salt_value: test
state::state::tests::test_set_nonce: test
state::state::tests::test_shi_delete_without_usage_count: test
state::state::tests::test_shi_find: test
state::state::tests::test_shi_next_finds_displaced_entry: test
state::state::tests::test_shi_next_scans_all_slots: test
state::state::tests::test_shi_next_skips_non_suitable_entries: test
state::state::tests::test_shi_next_stops_at_empty_slot: test
state::state::tests::test_shi_next_wraparound_at_boundary: test
state::state::tests::test_shi_rehash: test
state::state::tests::test_shi_rehash_too_small_capacity_has_no_side_effects: test
state::state::tests::test_shi_upsert_recovery_when_bucket_full: test
state::state::tests::test_shi_upsert_without_usage_count: test
state::state::tests::test_update_operations: test
state::state::tests::test_update_value: test
state::state::tests::test_usage_count: test
state::state::tests::test_usage_count_negative_panic: test
state::updates::tests::test_add_operations: test
state::updates::tests::test_add_panics_on_non_chaining: test
state::updates::tests::test_inverse_operations: test
state::updates::tests::test_inverse_preserves_transition_count_and_keys: test
state::updates::tests::test_merge_operations: test
state::updates::tests::test_merge_panics_on_non_chaining_other: test
tests::basic_integration_test: test
traits::tests::test_bucket_used_slots_scans_exact_data_bucket_range: test
traits::tests::test_bucket_used_slots_skips_invalid_and_metadata_buckets: test
traits::tests::test_get_subtree_levels_data_buckets: test
traits::tests::test_get_subtree_levels_default_capacity: test
traits::tests::test_get_subtree_levels_meta_buckets: test
traits::tests::test_get_subtree_levels_propagates_metadata_error: test
trie::node_utils::tests::test_bucket_root_boundary_node_ids: test
trie::node_utils::tests::test_bucket_root_node_id: test
trie::node_utils::tests::test_get_child_node: test
trie::node_utils::tests::test_get_parent_node: test
trie::node_utils::tests::test_subtree_leaf_for_key: test
trie::node_utils::tests::test_subtree_leaf_for_key_segment_boundaries: test
trie::node_utils::tests::test_subtree_leaf_start_key: test
trie::node_utils::tests::test_subtree_root_level: test
trie::node_utils::tests::test_vc_position_in_parent: test
trie::trie::tests::expansion_and_contraction_at_same_level: test
trie::trie::tests::expansion_and_contraction_large: test
trie::trie::tests::expansion_and_contraction_no_kvchanges: test
trie::trie::tests::expansion_and_contraction_small: test
trie::trie::tests::incremental_update_small: test
trie::trie::tests::incremental_updates_large: test
trie::trie::tests::test_add_commitment_deltas: test
trie::trie::tests::test_apply_updates_to_caches_chains_original_old_value: test
trie::trie::tests::test_bucket_huge_expansion: test
trie::trie::tests::test_bucket_rehash_non_power_of_two_multiplier: test
trie::trie::tests::test_compute_contraction_ops: test
trie::trie::tests::test_create_node_aligned_chunks_never_splits_duplicate_node: test
trie::trie::tests::test_drop_updates_below_level_exact_threshold: test
trie::trie::tests::test_incremental_vs_batch_update: test
trie::trie::tests::test_kv_hash_empty_is_pinned_and_distinct: test
trie::trie::tests::test_par_batch_size_respects_minimum: test
trie::trie::tests::test_rebuild_large: test
trie::trie::tests::test_rebuild_small: test
trie::trie::tests::test_subtrie_change_info_capacity_boundaries: test
trie::trie::tests::test_update_bucket_subtrees_bucket_rehash: test
trie::trie::tests::test_with_deferred_levels_rejects_main_trie_levels: test
trie::trie::tests::test_with_deferred_levels_rejects_zero: test
trie::trie::tests::trie_calculate_inner: test
trie::trie::tests::trie_level_default_committment: test
trie::trie::tests::trie_update_internal_nodes: test
trie::trie::tests::trie_update_leaf_nodes: test
types::tests::bfs_level_detection: test
types::tests::bucket_id_from_metadata_key_invalid_range_panic: test
types::tests::bucket_meta_default: test
types::tests::bucket_meta_error_handling: test
types::tests::bucket_meta_serialization: test
types::tests::bucket_metadata_key_invalid_bucket_panic: test
types::tests::bucket_metadata_key_mapping: test
types::tests::bucket_metadata_key_meta_bucket_panic: test
types::tests::bucket_range_spans_exact_full_slot_range: test
types::tests::is_subtree_node_panics_for_metadata_namespace: test
types::tests::leftmost_node_calculation: test
types::tests::metadata_key_roundtrip: test
types::tests::node_id_subtree_detection: test
types::tests::salt_key_boundaries: test
types::tests::salt_key_meta_bucket_detection: test
types::tests::salt_key_operations: test
types::tests::salt_value_bucket_meta_conversion: test
types::tests::salt_value_encoding: test
types::tests::salt_value_max_layout_lengths: test

197 tests, 0 benchmarks
