{"argv": ["cargo", "+nightly-2026-03-20", "check", "--locked", "-p", "salt", "--target", "riscv64imac-unknown-none-elf", "--no-default-features"], "cwd": "/nvme2/mega-engineer/workspace/salt-pr148-experiment", "explicit_env": {"CARGO_TARGET_DIR": "/nvme2/mega-engineer/workspace/aro-salt-livelock-verify/.aro-runs/salt-pr148-verify/pr"}, "identity_sha256": "9b113e73d2623546f2e6e5ceb158ea254a1533fd35d0cb203fea1db269a7796a", "safe_env_fingerprint": "45aa1c2c37712ba6737254cd7ff6aead5e70a211a2637c7198c75976248494ad", "start_utc": "2026-07-23T03:08:29.551983Z", "stripped_env_names": [], "timeout_seconds": 900.0, "trial_key": "salt-pr148-livelock-verify-20260723-v2/conformance/pr/no-std-check/01"}
   Compiling proc-macro2 v1.0.95
   Compiling unicode-ident v1.0.18
   Compiling version_check v0.9.5
   Compiling autocfg v1.5.0
   Compiling typenum v1.18.0
   Compiling zerocopy v0.8.26
    Checking rand_core v0.6.4
    Checking either v1.15.0
   Compiling paste v1.0.15
    Checking cfg-if v1.0.1
    Checking arrayvec v0.7.6
    Checking allocator-api2 v0.2.21
    Checking once_cell v1.21.3
   Compiling shlex v1.3.0
   Compiling serde_core v1.0.228
   Compiling serde v1.0.228
   Compiling thiserror v2.0.12
   Compiling unicode-segmentation v1.12.0
    Checking equivalent v1.0.2
    Checking foldhash v0.2.0
    Checking salt-macros v0.1.0 (/nvme2/mega-engineer/workspace/salt-pr148-experiment/salt-macros)
   Compiling unicode-xid v0.2.6
    Checking opaque-debug v0.3.1
    Checking arrayref v0.3.9
    Checking hex v0.4.3
    Checking rustc-hash v2.1.1
    Checking constant_time_eq v0.3.1
    Checking spin v0.10.0
   Compiling cc v1.2.27
    Checking itertools v0.14.0
    Checking itertools v0.10.5
   Compiling generic-array v0.14.7
   Compiling ahash v0.8.12
    Checking hashbrown v0.15.4
    Checking hashbrown v0.16.1
   Compiling num-traits v0.2.19
   Compiling convert_case v0.7.1
   Compiling quote v1.0.40
   Compiling syn v2.0.103
    Checking num-integer v0.1.46
    Checking num-bigint v0.4.6
   Compiling blake3 v1.8.2
    Checking crypto-common v0.1.6
    Checking block-buffer v0.9.0
    Checking digest v0.9.0
    Checking digest v0.10.7
    Checking sha2 v0.9.9
    Checking ppv-lite86 v0.2.21
    Checking rand_chacha v0.3.1
    Checking rand v0.8.5
    Checking ark-std v0.5.0
   Compiling enum-ordinalize-derive v4.3.1
   Compiling ark-serialize-derive v0.5.0 (https://github.com/megaeth-labs/algebra.git?rev=80ca69c37f79d5d00750edc1602af81b5f456695#80ca69c3)
   Compiling zeroize_derive v1.4.2
   Compiling ark-ff-asm v0.5.0 (https://github.com/megaeth-labs/algebra.git?rev=80ca69c37f79d5d00750edc1602af81b5f456695#80ca69c3)
   Compiling ark-ff-macros v0.5.0 (https://github.com/megaeth-labs/algebra.git?rev=80ca69c37f79d5d00750edc1602af81b5f456695#80ca69c3)
   Compiling thiserror-impl v2.0.12
   Compiling serde_derive v1.0.228
   Compiling derive_more-impl v2.0.1
   Compiling auto_impl v1.3.0
    Checking ark-serialize v0.5.0 (https://github.com/megaeth-labs/algebra.git?rev=80ca69c37f79d5d00750edc1602af81b5f456695#80ca69c3)
   Compiling enum-ordinalize v4.3.0
    Checking zeroize v1.8.1
   Compiling educe v0.6.0
    Checking ark-ff v0.5.0 (https://github.com/megaeth-labs/algebra.git?rev=80ca69c37f79d5d00750edc1602af81b5f456695#80ca69c3)
    Checking serde_arrays v0.2.0
    Checking derive_more v2.0.1
    Checking ark-poly v0.5.0 (https://github.com/megaeth-labs/algebra.git?rev=80ca69c37f79d5d00750edc1602af81b5f456695#80ca69c3)
    Checking ark-ec v0.5.0 (https://github.com/megaeth-labs/algebra.git?rev=80ca69c37f79d5d00750edc1602af81b5f456695#80ca69c3)
    Checking ark-bls12-381 v0.5.0 (https://github.com/megaeth-labs/algebra.git?rev=80ca69c37f79d5d00750edc1602af81b5f456695#80ca69c3)
    Checking ark-ed-on-bls12-381-bandersnatch v0.5.0 (https://github.com/megaeth-labs/algebra.git?rev=80ca69c37f79d5d00750edc1602af81b5f456695#80ca69c3)
    Checking banderwagon v0.1.0 (/nvme2/mega-engineer/workspace/salt-pr148-experiment/banderwagon)
    Checking ipa-multipoint v0.1.0 (/nvme2/mega-engineer/workspace/salt-pr148-experiment/ipa-multipoint)
    Checking salt v1.0.5 (/nvme2/mega-engineer/workspace/salt-pr148-experiment/salt)
    Finished `dev` profile [unoptimized + debuginfo] target(s) in 11.66s
