{"argv": ["lscpu"], "cwd": "/nvme2/mega-engineer/workspace/aro-salt-livelock-verify", "explicit_env": {}, "identity_sha256": "35d07730ee509e733fcb535f3fa6f347cabd2d72e601758b1382548045f9f653", "safe_env_fingerprint": "e83ca9de27bbf61043b4629117134e4e6727753726dbed06931c102405e83bf5", "start_utc": "2026-07-23T02:25:05.461347Z", "stripped_env_names": [], "timeout_seconds": 30, "trial_key": "salt-pr148-livelock-verify-20260723-v2/metadata/host/lscpu/01"}
Architecture:                            x86_64
CPU op-mode(s):                          32-bit, 64-bit
Address sizes:                           52 bits physical, 48 bits virtual
Byte Order:                              Little Endian
CPU(s):                                  32
On-line CPU(s) list:                     0-31
Vendor ID:                               AuthenticAMD
Model name:                              AMD EPYC 9754 128-Core Processor
CPU family:                              25
Model:                                   160
Thread(s) per core:                      2
Core(s) per socket:                      16
Socket(s):                               1
Stepping:                                2
BogoMIPS:                                4500.06
Flags:                                   fpu vme de pse tsc msr pae mce cx8 apic sep mtrr pge mca cmov pat pse36 clflush mmx fxsr sse sse2 ht syscall nx mmxext fxsr_opt pdpe1gb rdtscp lm constant_tsc rep_good nopl nonstop_tsc cpuid extd_apicid amd_dcm tsc_known_freq pni pclmulqdq monitor ssse3 fma cx16 pcid sse4_1 sse4_2 x2apic movbe popcnt tsc_deadline_timer aes xsave avx f16c rdrand hypervisor lahf_lm cmp_legacy cr8_legacy abm sse4a misalignsse 3dnowprefetch osvw topoext perfctr_core ibpb vmmcall fsgsbase tsc_adjust bmi1 avx2 smep bmi2 erms invpcid avx512f avx512dq rdseed adx smap avx512ifma clflushopt clwb avx512cd sha_ni avx512bw avx512vl xsaveopt xsavec xgetbv1 avx512_bf16 clzero xsaveerptr wbnoinvd arat avx512vbmi umip avx512_vbmi2 vaes vpclmulqdq avx512_vnni avx512_bitalg avx512_vpopcntdq rdpid fsrm
Hypervisor vendor:                       KVM
Virtualization type:                     full
L1d cache:                               512 KiB (16 instances)
L1i cache:                               512 KiB (16 instances)
L2 cache:                                16 MiB (16 instances)
L3 cache:                                32 MiB (2 instances)
NUMA node(s):                            1
NUMA node0 CPU(s):                       0-31
Vulnerability Gather data sampling:      Not affected
Vulnerability Indirect target selection: Not affected
Vulnerability Itlb multihit:             Not affected
Vulnerability L1tf:                      Not affected
Vulnerability Mds:                       Not affected
Vulnerability Meltdown:                  Not affected
Vulnerability Mmio stale data:           Not affected
Vulnerability Reg file data sampling:    Not affected
Vulnerability Retbleed:                  Not affected
Vulnerability Spec rstack overflow:      Vulnerable
Vulnerability Spec store bypass:         Vulnerable
Vulnerability Spectre v1:                Mitigation; usercopy/swapgs barriers and __user pointer sanitization
Vulnerability Spectre v2:                Mitigation; Retpolines; IBPB conditional; STIBP disabled; RSB filling; PBRSB-eIBRS Not affected; BHI Not affected
Vulnerability Srbds:                     Not affected
Vulnerability Tsa:                       Vulnerable: Clear CPU buffers attempted, no microcode
Vulnerability Tsx async abort:           Not affected
Vulnerability Vmscape:                   Not affected
