{"argv": ["cargo", "test", "--locked", "-p", "salt", "--test", "shared_committer_init", "--", "--nocapture"], "cwd": "/nvme2/mega-engineer/workspace/salt-pr148-experiment", "explicit_env": {"CARGO_TARGET_DIR": "/nvme2/mega-engineer/workspace/aro-salt-livelock-verify/.aro-runs/salt-pr148-verify/pr"}, "identity_sha256": "6852f3dbf9b97384b708272a2155aec8fe6ec230909fe01126b238982540aa71", "safe_env_fingerprint": "45aa1c2c37712ba6737254cd7ff6aead5e70a211a2637c7198c75976248494ad", "start_utc": "2026-07-23T03:05:44.907199Z", "stripped_env_names": [], "timeout_seconds": 300.0, "trial_key": "salt-pr148-livelock-verify-20260723-v2/regressions/pr/shared_committer_init/01"}
   Compiling once_cell v1.21.3
   Compiling libc v0.2.174
   Compiling itertools v0.10.5
   Compiling hex v0.4.3
   Compiling rand_chacha v0.3.1
   Compiling salt-macros v0.1.0 (/nvme2/mega-engineer/workspace/salt-pr148-experiment/salt-macros)
   Compiling ahash v0.8.12
   Compiling rand v0.8.5
   Compiling ark-std v0.5.0
   Compiling ark-serialize v0.5.0 (https://github.com/megaeth-labs/algebra.git?rev=80ca69c37f79d5d00750edc1602af81b5f456695#80ca69c3)
   Compiling getrandom v0.3.4
   Compiling rand_core v0.9.3
   Compiling ark-ff v0.5.0 (https://github.com/megaeth-labs/algebra.git?rev=80ca69c37f79d5d00750edc1602af81b5f456695#80ca69c3)
   Compiling rand_chacha v0.9.0
   Compiling rand v0.9.2
   Compiling ark-poly v0.5.0 (https://github.com/megaeth-labs/algebra.git?rev=80ca69c37f79d5d00750edc1602af81b5f456695#80ca69c3)
   Compiling ark-ec v0.5.0 (https://github.com/megaeth-labs/algebra.git?rev=80ca69c37f79d5d00750edc1602af81b5f456695#80ca69c3)
   Compiling ark-bls12-381 v0.5.0 (https://github.com/megaeth-labs/algebra.git?rev=80ca69c37f79d5d00750edc1602af81b5f456695#80ca69c3)
   Compiling ark-ed-on-bls12-381-bandersnatch v0.5.0 (https://github.com/megaeth-labs/algebra.git?rev=80ca69c37f79d5d00750edc1602af81b5f456695#80ca69c3)
   Compiling banderwagon v0.1.0 (/nvme2/mega-engineer/workspace/salt-pr148-experiment/banderwagon)
   Compiling ipa-multipoint v0.1.0 (/nvme2/mega-engineer/workspace/salt-pr148-experiment/ipa-multipoint)
   Compiling salt v1.0.5 (/nvme2/mega-engineer/workspace/salt-pr148-experiment/salt)
    Finished `test` profile [optimized + debuginfo] target(s) in 16.40s
     Running tests/shared_committer_init.rs (/nvme2/mega-engineer/workspace/aro-salt-livelock-verify/.aro-runs/salt-pr148-verify/pr/debug/deps/shared_committer_init-4519b49553c3eaf4)

running 1 test
test concurrent_first_touch_from_pool_jobs_and_threads ... ok

test result: ok. 1 passed; 0 failed; 0 ignored; 0 measured; 0 filtered out; finished in 0.25s

